Vivado Simulator v2024.1
Copyright 1986-2022 Xilinx, Inc. All Rights Reserved.
Copyright 2022-2024 Advanced Micro Devices, Inc. All Rights Reserved.
Running: C:/Xilinx/Vivado/2024.1/bin/unwrapped/win64.o/xelab.exe --incr --debug typical --relax --mt 2 -L xil_defaultlib -L uvm -L unisims_ver -L unimacro_ver -L secureip -L xpm --snapshot uart_tb_behav xil_defaultlib.uart_tb xil_defaultlib.glbl -log elaborate.log 
Using 2 slave threads.
Starting static elaboration
Pass Through NonSizing Optimizer
Completed static elaboration
Starting simulation data flow analysis
Completed simulation data flow analysis
Time Resolution for simulation is 1ps
Compiling module unisims_ver.BUFG
Compiling module unisims_ver.IBUF
Compiling module unisims_ver.MMCME2_ADV(CLKFBOUT_MULT_F=10.0,...
Compiling module xil_defaultlib.clk_wiz_0_clk_wiz
Compiling module xil_defaultlib.clk_wiz_0
Compiling module unisims_ver.FDRE_default
Compiling module unisims_ver.LUT5
Compiling module xil_defaultlib.proc_sys_reset_0_cdc_sync
Compiling module unisims_ver.x_lut2_mux4
Compiling module unisims_ver.LUT2
Compiling module xil_defaultlib.proc_sys_reset_0_cdc_sync_0
Compiling module unisims_ver.SRL16E(INIT=16'b1111111111111111...
Compiling module unisims_ver.LUT4
Compiling module xil_defaultlib.proc_sys_reset_0_lpf
Compiling module unisims_ver.x_lut1_mux2
Compiling module unisims_ver.LUT1
Compiling module unisims_ver.FDSE_default
Compiling module unisims_ver.x_lut3_mux8
Compiling module unisims_ver.LUT3(INIT=8'b01111000)
Compiling module unisims_ver.LUT6(INIT=64'b011111111111111111...
Compiling module xil_defaultlib.proc_sys_reset_0_upcnt_n
Compiling module xil_defaultlib.proc_sys_reset_0_sequence_psr
Compiling module xil_defaultlib.proc_sys_reset_0_proc_sys_reset
Compiling module xil_defaultlib.proc_sys_reset_0
Compiling module xil_defaultlib.debouncer_default
Compiling module xil_defaultlib.baud_generator(F_CLK_HZ=32'b0101...
Compiling module xil_defaultlib.reciever
Compiling module xil_defaultlib.transmitter
Compiling module xil_defaultlib.uart_top
Compiling module xil_defaultlib.uart_tb
Compiling module xil_defaultlib.glbl
Built simulation snapshot uart_tb_behav
